2023-05-17T08:47:37.463+03:00  INFO 10140 --- [restartedMain] r.i.m.MoneyTransferServiceApplication    : Starting MoneyTransferServiceApplication using Java 18.0.1.1 with PID 10140 (C:\Java projects\MoneyTransferService\target\classes started by demchenkovaid in C:\Java projects\MoneyTransferService)
2023-05-17T08:47:37.469+03:00  INFO 10140 --- [restartedMain] r.i.m.MoneyTransferServiceApplication    : No active profile set, falling back to 1 default profile: "default"
2023-05-17T08:47:37.539+03:00  INFO 10140 --- [restartedMain] .e.DevToolsPropertyDefaultsPostProcessor : Devtools property defaults active! Set 'spring.devtools.add-properties' to 'false' to disable
2023-05-17T08:47:37.540+03:00  INFO 10140 --- [restartedMain] .e.DevToolsPropertyDefaultsPostProcessor : For additional web related logging consider setting the 'logging.level.web' property to 'DEBUG'
2023-05-17T08:47:38.798+03:00  INFO 10140 --- [restartedMain] o.s.b.w.embedded.tomcat.TomcatWebServer  : Tomcat initialized with port(s): 5500 (http)
2023-05-17T08:47:38.815+03:00  INFO 10140 --- [restartedMain] o.apache.catalina.core.StandardService   : Starting service [Tomcat]
2023-05-17T08:47:38.816+03:00  INFO 10140 --- [restartedMain] o.apache.catalina.core.StandardEngine    : Starting Servlet engine: [Apache Tomcat/10.1.8]
2023-05-17T08:47:38.879+03:00  INFO 10140 --- [restartedMain] o.a.c.c.C.[Tomcat].[localhost].[/]       : Initializing Spring embedded WebApplicationContext
2023-05-17T08:47:38.879+03:00  INFO 10140 --- [restartedMain] w.s.c.ServletWebServerApplicationContext : Root WebApplicationContext: initialization completed in 1339 ms
2023-05-17T08:47:39.327+03:00  INFO 10140 --- [restartedMain] o.s.b.d.a.OptionalLiveReloadServer       : LiveReload server is running on port 35729
2023-05-17T08:47:39.364+03:00  INFO 10140 --- [restartedMain] o.s.b.w.embedded.tomcat.TomcatWebServer  : Tomcat started on port(s): 5500 (http) with context path ''
2023-05-17T08:47:39.374+03:00  INFO 10140 --- [restartedMain] r.i.m.MoneyTransferServiceApplication    : Started MoneyTransferServiceApplication in 2.553 seconds (process running for 3.624)
2023-05-17T08:48:03.705+03:00  INFO 10140 --- [http-nio-5500-exec-1] o.a.c.c.C.[Tomcat].[localhost].[/]       : Initializing Spring DispatcherServlet 'dispatcherServlet'
2023-05-17T08:48:03.706+03:00  INFO 10140 --- [http-nio-5500-exec-1] o.s.web.servlet.DispatcherServlet        : Initializing Servlet 'dispatcherServlet'
2023-05-17T08:48:03.707+03:00  INFO 10140 --- [http-nio-5500-exec-1] o.s.web.servlet.DispatcherServlet        : Completed initialization in 1 ms
2023-05-17T08:48:04.052+03:00  WARN 10140 --- [http-nio-5500-exec-7] .m.m.a.ExceptionHandlerExceptionResolver : Resolved [org.springframework.web.bind.MethodArgumentNotValidException: Validation failed for argument [0] in public ru.irenademchenkova.moneytransferservice.models.Response ru.irenademchenkova.moneytransferservice.controllers.ConfirmOperationController.moneyTransfer(ru.irenademchenkova.moneytransferservice.models.Operation) with 2 errors: [Field error in object 'operation' on field 'cardFromNumber': rejected value [null]; codes [NotBlank.operation.cardFromNumber,NotBlank.cardFromNumber,NotBlank.java.lang.String,NotBlank]; arguments [org.springframework.context.support.DefaultMessageSourceResolvable: codes [operation.cardFromNumber,cardFromNumber]; arguments []; default message [cardFromNumber]]; default message [не должно быть пустым]] [Field error in object 'operation' on field 'cardFromCVV': rejected value [null]; codes [NotBlank.operation.cardFromCVV,NotBlank.cardFromCVV,NotBlank.java.lang.String,NotBlank]; arguments [org.springframework.context.support.DefaultMessageSourceResolvable: codes [operation.cardFromCVV,cardFromCVV]; arguments []; default message [cardFromCVV]]; default message [не должно быть пустым]] ]
2023-05-17T09:21:21.034+03:00  INFO 10140 --- [File Watcher] rtingClassPathChangeChangedEventListener : Restarting due to 4 class path changes (0 additions, 4 deletions, 0 modifications)
2023-05-17T09:21:21.229+03:00  INFO 10140 --- [Thread-5] o.apache.catalina.core.StandardService   : Stopping service [Tomcat]
2023-05-17T09:21:21.249+03:00  INFO 10140 --- [Thread-5] o.a.c.c.C.[Tomcat].[localhost].[/]       : Destroying Spring FrameworkServlet 'dispatcherServlet'
2023-05-17T09:21:21.531+03:00  INFO 10140 --- [restartedMain] r.i.m.MoneyTransferServiceApplication    : Starting MoneyTransferServiceApplication using Java 18.0.1.1 with PID 10140 (C:\Java projects\MoneyTransferService\target\classes started by demchenkovaid in C:\Java projects\MoneyTransferService)
2023-05-17T09:21:21.531+03:00  INFO 10140 --- [restartedMain] r.i.m.MoneyTransferServiceApplication    : No active profile set, falling back to 1 default profile: "default"
2023-05-17T09:21:21.857+03:00  INFO 10140 --- [restartedMain] o.s.b.w.embedded.tomcat.TomcatWebServer  : Tomcat initialized with port(s): 5500 (http)
2023-05-17T09:21:21.857+03:00  INFO 10140 --- [restartedMain] o.apache.catalina.core.StandardService   : Starting service [Tomcat]
2023-05-17T09:21:21.858+03:00  INFO 10140 --- [restartedMain] o.apache.catalina.core.StandardEngine    : Starting Servlet engine: [Apache Tomcat/10.1.8]
2023-05-17T09:21:21.885+03:00  INFO 10140 --- [restartedMain] o.a.c.c.C.[Tomcat].[localhost].[/]       : Initializing Spring embedded WebApplicationContext
2023-05-17T09:21:21.885+03:00  INFO 10140 --- [restartedMain] w.s.c.ServletWebServerApplicationContext : Root WebApplicationContext: initialization completed in 350 ms
2023-05-17T09:21:21.899+03:00  WARN 10140 --- [restartedMain] ConfigServletWebServerApplicationContext : Exception encountered during context initialization - cancelling refresh attempt: org.springframework.beans.factory.BeanCreationException: Error creating bean with name 'confirmOperationController': Resolution of declared constructors on bean Class [ru.irenademchenkova.moneytransferservice.controllers.ConfirmOperationController] from ClassLoader [org.springframework.boot.devtools.restart.classloader.RestartClassLoader@704c7ee] failed
2023-05-17T09:21:21.900+03:00  INFO 10140 --- [restartedMain] o.apache.catalina.core.StandardService   : Stopping service [Tomcat]
2023-05-17T09:21:21.910+03:00  INFO 10140 --- [restartedMain] .s.b.a.l.ConditionEvaluationReportLogger : 

Error starting ApplicationContext. To display the condition evaluation report re-run your application with 'debug' enabled.
2023-05-17T09:21:21.949+03:00 ERROR 10140 --- [restartedMain] o.s.boot.SpringApplication               : Application run failed

org.springframework.beans.factory.BeanCreationException: Error creating bean with name 'confirmOperationController': Resolution of declared constructors on bean Class [ru.irenademchenkova.moneytransferservice.controllers.ConfirmOperationController] from ClassLoader [org.springframework.boot.devtools.restart.classloader.RestartClassLoader@704c7ee] failed
	at org.springframework.beans.factory.annotation.AutowiredAnnotationBeanPostProcessor.determineCandidateConstructors(AutowiredAnnotationBeanPostProcessor.java:357) ~[spring-beans-6.0.8.jar:6.0.8]
	at org.springframework.beans.factory.support.AbstractAutowireCapableBeanFactory.determineConstructorsFromBeanPostProcessors(AbstractAutowireCapableBeanFactory.java:1291) ~[spring-beans-6.0.8.jar:6.0.8]
	at org.springframework.beans.factory.support.AbstractAutowireCapableBeanFactory.createBeanInstance(AbstractAutowireCapableBeanFactory.java:1186) ~[spring-beans-6.0.8.jar:6.0.8]
	at org.springframework.beans.factory.support.AbstractAutowireCapableBeanFactory.doCreateBean(AbstractAutowireCapableBeanFactory.java:560) ~[spring-beans-6.0.8.jar:6.0.8]
	at org.springframework.beans.factory.support.AbstractAutowireCapableBeanFactory.createBean(AbstractAutowireCapableBeanFactory.java:520) ~[spring-beans-6.0.8.jar:6.0.8]
	at org.springframework.beans.factory.support.AbstractBeanFactory.lambda$doGetBean$0(AbstractBeanFactory.java:326) ~[spring-beans-6.0.8.jar:6.0.8]
	at org.springframework.beans.factory.support.DefaultSingletonBeanRegistry.getSingleton(DefaultSingletonBeanRegistry.java:234) ~[spring-beans-6.0.8.jar:6.0.8]
	at org.springframework.beans.factory.support.AbstractBeanFactory.doGetBean(AbstractBeanFactory.java:324) ~[spring-beans-6.0.8.jar:6.0.8]
	at org.springframework.beans.factory.support.AbstractBeanFactory.getBean(AbstractBeanFactory.java:200) ~[spring-beans-6.0.8.jar:6.0.8]
	at org.springframework.beans.factory.support.DefaultListableBeanFactory.preInstantiateSingletons(DefaultListableBeanFactory.java:973) ~[spring-beans-6.0.8.jar:6.0.8]
	at org.springframework.context.support.AbstractApplicationContext.finishBeanFactoryInitialization(AbstractApplicationContext.java:917) ~[spring-context-6.0.8.jar:6.0.8]
	at org.springframework.context.support.AbstractApplicationContext.refresh(AbstractApplicationContext.java:584) ~[spring-context-6.0.8.jar:6.0.8]
	at org.springframework.boot.web.servlet.context.ServletWebServerApplicationContext.refresh(ServletWebServerApplicationContext.java:146) ~[spring-boot-3.0.6.jar:3.0.6]
	at org.springframework.boot.SpringApplication.refresh(SpringApplication.java:732) ~[spring-boot-3.0.6.jar:3.0.6]
	at org.springframework.boot.SpringApplication.refreshContext(SpringApplication.java:434) ~[spring-boot-3.0.6.jar:3.0.6]
	at org.springframework.boot.SpringApplication.run(SpringApplication.java:310) ~[spring-boot-3.0.6.jar:3.0.6]
	at org.springframework.boot.SpringApplication.run(SpringApplication.java:1304) ~[spring-boot-3.0.6.jar:3.0.6]
	at org.springframework.boot.SpringApplication.run(SpringApplication.java:1293) ~[spring-boot-3.0.6.jar:3.0.6]
	at ru.irenademchenkova.moneytransferservice.MoneyTransferServiceApplication.main(MoneyTransferServiceApplication.java:10) ~[classes/:na]
	at java.base/jdk.internal.reflect.DirectMethodHandleAccessor.invoke(DirectMethodHandleAccessor.java:104) ~[na:na]
	at java.base/java.lang.reflect.Method.invoke(Method.java:577) ~[na:na]
	at org.springframework.boot.devtools.restart.RestartLauncher.run(RestartLauncher.java:49) ~[spring-boot-devtools-3.0.6.jar:3.0.6]
Caused by: java.lang.NoClassDefFoundError: ru/irenademchenkova/moneytransferservice/service/MoneyTransferService
	at java.base/java.lang.Class.getDeclaredConstructors0(Native Method) ~[na:na]
	at java.base/java.lang.Class.privateGetDeclaredConstructors(Class.java:3405) ~[na:na]
	at java.base/java.lang.Class.getDeclaredConstructors(Class.java:2587) ~[na:na]
	at org.springframework.beans.factory.annotation.AutowiredAnnotationBeanPostProcessor.determineCandidateConstructors(AutowiredAnnotationBeanPostProcessor.java:352) ~[spring-beans-6.0.8.jar:6.0.8]
	... 21 common frames omitted
Caused by: java.lang.ClassNotFoundException: ru.irenademchenkova.moneytransferservice.service.MoneyTransferService
	at java.base/jdk.internal.loader.BuiltinClassLoader.loadClass(BuiltinClassLoader.java:641) ~[na:na]
	at java.base/jdk.internal.loader.ClassLoaders$AppClassLoader.loadClass(ClassLoaders.java:188) ~[na:na]
	at java.base/java.lang.ClassLoader.loadClass(ClassLoader.java:521) ~[na:na]
	at java.base/java.lang.Class.forName0(Native Method) ~[na:na]
	at java.base/java.lang.Class.forName(Class.java:488) ~[na:na]
	at java.base/java.lang.Class.forName(Class.java:467) ~[na:na]
	at org.springframework.boot.devtools.restart.classloader.RestartClassLoader.loadClass(RestartClassLoader.java:121) ~[spring-boot-devtools-3.0.6.jar:3.0.6]
	at java.base/java.lang.ClassLoader.loadClass(ClassLoader.java:521) ~[na:na]
	... 25 common frames omitted

2023-05-17T09:21:25.444+03:00  INFO 10140 --- [restartedMain] r.i.m.MoneyTransferServiceApplication    : Starting MoneyTransferServiceApplication using Java 18.0.1.1 with PID 10140 (C:\Java projects\MoneyTransferService\target\classes started by demchenkovaid in C:\Java projects\MoneyTransferService)
2023-05-17T09:21:25.444+03:00  INFO 10140 --- [restartedMain] r.i.m.MoneyTransferServiceApplication    : No active profile set, falling back to 1 default profile: "default"
2023-05-17T09:21:25.653+03:00  INFO 10140 --- [restartedMain] o.s.b.w.embedded.tomcat.TomcatWebServer  : Tomcat initialized with port(s): 5500 (http)
2023-05-17T09:21:25.656+03:00  INFO 10140 --- [restartedMain] o.apache.catalina.core.StandardService   : Starting service [Tomcat]
2023-05-17T09:21:25.657+03:00  INFO 10140 --- [restartedMain] o.apache.catalina.core.StandardEngine    : Starting Servlet engine: [Apache Tomcat/10.1.8]
2023-05-17T09:21:25.681+03:00  INFO 10140 --- [restartedMain] o.a.c.c.C.[Tomcat-1].[localhost].[/]     : Initializing Spring embedded WebApplicationContext
2023-05-17T09:21:25.681+03:00  INFO 10140 --- [restartedMain] w.s.c.ServletWebServerApplicationContext : Root WebApplicationContext: initialization completed in 234 ms
2023-05-17T09:21:25.866+03:00  INFO 10140 --- [restartedMain] o.s.b.d.a.OptionalLiveReloadServer       : LiveReload server is running on port 35729
2023-05-17T09:21:25.884+03:00  INFO 10140 --- [restartedMain] o.s.b.w.embedded.tomcat.TomcatWebServer  : Tomcat started on port(s): 5500 (http) with context path ''
2023-05-17T09:21:25.890+03:00  INFO 10140 --- [restartedMain] r.i.m.MoneyTransferServiceApplication    : Started MoneyTransferServiceApplication in 0.474 seconds (process running for 2030.114)
2023-05-17T09:21:25.894+03:00  INFO 10140 --- [restartedMain] .ConditionEvaluationDeltaLoggingListener : Condition evaluation unchanged
2023-05-17T09:21:28.334+03:00  INFO 10140 --- [File Watcher] rtingClassPathChangeChangedEventListener : Restarting due to 1 class path change (1 addition, 0 deletions, 0 modifications)
2023-05-17T09:21:28.351+03:00  INFO 10140 --- [Thread-7] o.apache.catalina.core.StandardService   : Stopping service [Tomcat]
2023-05-17T09:21:28.449+03:00  INFO 10140 --- [restartedMain] r.i.m.MoneyTransferServiceApplication    : Starting MoneyTransferServiceApplication using Java 18.0.1.1 with PID 10140 (C:\Java projects\MoneyTransferService\target\classes started by demchenkovaid in C:\Java projects\MoneyTransferService)
2023-05-17T09:21:28.450+03:00  INFO 10140 --- [restartedMain] r.i.m.MoneyTransferServiceApplication    : No active profile set, falling back to 1 default profile: "default"
2023-05-17T09:21:28.779+03:00  INFO 10140 --- [restartedMain] o.s.b.w.embedded.tomcat.TomcatWebServer  : Tomcat initialized with port(s): 5500 (http)
2023-05-17T09:21:28.780+03:00  INFO 10140 --- [restartedMain] o.apache.catalina.core.StandardService   : Starting service [Tomcat]
2023-05-17T09:21:28.780+03:00  INFO 10140 --- [restartedMain] o.apache.catalina.core.StandardEngine    : Starting Servlet engine: [Apache Tomcat/10.1.8]
2023-05-17T09:21:28.805+03:00  INFO 10140 --- [restartedMain] o.a.c.c.C.[Tomcat-1].[localhost].[/]     : Initializing Spring embedded WebApplicationContext
2023-05-17T09:21:28.805+03:00  INFO 10140 --- [restartedMain] w.s.c.ServletWebServerApplicationContext : Root WebApplicationContext: initialization completed in 351 ms
2023-05-17T09:21:28.951+03:00  INFO 10140 --- [restartedMain] o.s.b.d.a.OptionalLiveReloadServer       : LiveReload server is running on port 35729
2023-05-17T09:21:28.963+03:00  INFO 10140 --- [restartedMain] o.s.b.w.embedded.tomcat.TomcatWebServer  : Tomcat started on port(s): 5500 (http) with context path ''
2023-05-17T09:21:28.967+03:00  INFO 10140 --- [restartedMain] r.i.m.MoneyTransferServiceApplication    : Started MoneyTransferServiceApplication in 0.565 seconds (process running for 2033.191)
2023-05-17T09:21:28.969+03:00  INFO 10140 --- [restartedMain] .ConditionEvaluationDeltaLoggingListener : Condition evaluation unchanged
2023-05-17T09:26:04.214+03:00  INFO 10140 --- [File Watcher] rtingClassPathChangeChangedEventListener : Restarting due to 1 class path change (0 additions, 1 deletion, 0 modifications)
2023-05-17T09:26:04.234+03:00  INFO 10140 --- [Thread-14] o.apache.catalina.core.StandardService   : Stopping service [Tomcat]
2023-05-17T09:26:04.292+03:00  INFO 10140 --- [restartedMain] r.i.m.MoneyTransferServiceApplication    : Starting MoneyTransferServiceApplication using Java 18.0.1.1 with PID 10140 (C:\Java projects\MoneyTransferService\target\classes started by demchenkovaid in C:\Java projects\MoneyTransferService)
2023-05-17T09:26:04.292+03:00  INFO 10140 --- [restartedMain] r.i.m.MoneyTransferServiceApplication    : No active profile set, falling back to 1 default profile: "default"
2023-05-17T09:26:04.464+03:00  INFO 10140 --- [restartedMain] o.s.b.w.embedded.tomcat.TomcatWebServer  : Tomcat initialized with port(s): 5500 (http)
2023-05-17T09:26:04.464+03:00  INFO 10140 --- [restartedMain] o.apache.catalina.core.StandardService   : Starting service [Tomcat]
2023-05-17T09:26:04.464+03:00  INFO 10140 --- [restartedMain] o.apache.catalina.core.StandardEngine    : Starting Servlet engine: [Apache Tomcat/10.1.8]
2023-05-17T09:26:04.483+03:00  INFO 10140 --- [restartedMain] o.a.c.c.C.[Tomcat-1].[localhost].[/]     : Initializing Spring embedded WebApplicationContext
2023-05-17T09:26:04.483+03:00  INFO 10140 --- [restartedMain] w.s.c.ServletWebServerApplicationContext : Root WebApplicationContext: initialization completed in 189 ms
2023-05-17T09:26:04.492+03:00  WARN 10140 --- [restartedMain] ConfigServletWebServerApplicationContext : Exception encountered during context initialization - cancelling refresh attempt: org.springframework.beans.factory.UnsatisfiedDependencyException: Error creating bean with name 'confirmOperationController' defined in file [C:\Java projects\MoneyTransferService\target\classes\ru\irenademchenkova\moneytransferservice\controllers\ConfirmOperationController.class]: Unsatisfied dependency expressed through constructor parameter 0: Error creating bean with name 'moneyTransferService': Resolution of declared constructors on bean Class [ru.irenademchenkova.moneytransferservice.service.MoneyTransferService] from ClassLoader [org.springframework.boot.devtools.restart.classloader.RestartClassLoader@426daada] failed
2023-05-17T09:26:04.493+03:00  INFO 10140 --- [restartedMain] o.apache.catalina.core.StandardService   : Stopping service [Tomcat]
2023-05-17T09:26:04.496+03:00  INFO 10140 --- [restartedMain] .s.b.a.l.ConditionEvaluationReportLogger : 

Error starting ApplicationContext. To display the condition evaluation report re-run your application with 'debug' enabled.
2023-05-17T09:26:04.500+03:00 ERROR 10140 --- [restartedMain] o.s.boot.SpringApplication               : Application run failed

org.springframework.beans.factory.UnsatisfiedDependencyException: Error creating bean with name 'confirmOperationController' defined in file [C:\Java projects\MoneyTransferService\target\classes\ru\irenademchenkova\moneytransferservice\controllers\ConfirmOperationController.class]: Unsatisfied dependency expressed through constructor parameter 0: Error creating bean with name 'moneyTransferService': Resolution of declared constructors on bean Class [ru.irenademchenkova.moneytransferservice.service.MoneyTransferService] from ClassLoader [org.springframework.boot.devtools.restart.classloader.RestartClassLoader@426daada] failed
	at org.springframework.beans.factory.support.ConstructorResolver.createArgumentArray(ConstructorResolver.java:800) ~[spring-beans-6.0.8.jar:6.0.8]
	at org.springframework.beans.factory.support.ConstructorResolver.autowireConstructor(ConstructorResolver.java:245) ~[spring-beans-6.0.8.jar:6.0.8]
	at org.springframework.beans.factory.support.AbstractAutowireCapableBeanFactory.autowireConstructor(AbstractAutowireCapableBeanFactory.java:1352) ~[spring-beans-6.0.8.jar:6.0.8]
	at org.springframework.beans.factory.support.AbstractAutowireCapableBeanFactory.createBeanInstance(AbstractAutowireCapableBeanFactory.java:1189) ~[spring-beans-6.0.8.jar:6.0.8]
	at org.springframework.beans.factory.support.AbstractAutowireCapableBeanFactory.doCreateBean(AbstractAutowireCapableBeanFactory.java:560) ~[spring-beans-6.0.8.jar:6.0.8]
	at org.springframework.beans.factory.support.AbstractAutowireCapableBeanFactory.createBean(AbstractAutowireCapableBeanFactory.java:520) ~[spring-beans-6.0.8.jar:6.0.8]
	at org.springframework.beans.factory.support.AbstractBeanFactory.lambda$doGetBean$0(AbstractBeanFactory.java:326) ~[spring-beans-6.0.8.jar:6.0.8]
	at org.springframework.beans.factory.support.DefaultSingletonBeanRegistry.getSingleton(DefaultSingletonBeanRegistry.java:234) ~[spring-beans-6.0.8.jar:6.0.8]
	at org.springframework.beans.factory.support.AbstractBeanFactory.doGetBean(AbstractBeanFactory.java:324) ~[spring-beans-6.0.8.jar:6.0.8]
	at org.springframework.beans.factory.support.AbstractBeanFactory.getBean(AbstractBeanFactory.java:200) ~[spring-beans-6.0.8.jar:6.0.8]
	at org.springframework.beans.factory.support.DefaultListableBeanFactory.preInstantiateSingletons(DefaultListableBeanFactory.java:973) ~[spring-beans-6.0.8.jar:6.0.8]
	at org.springframework.context.support.AbstractApplicationContext.finishBeanFactoryInitialization(AbstractApplicationContext.java:917) ~[spring-context-6.0.8.jar:6.0.8]
	at org.springframework.context.support.AbstractApplicationContext.refresh(AbstractApplicationContext.java:584) ~[spring-context-6.0.8.jar:6.0.8]
	at org.springframework.boot.web.servlet.context.ServletWebServerApplicationContext.refresh(ServletWebServerApplicationContext.java:146) ~[spring-boot-3.0.6.jar:3.0.6]
	at org.springframework.boot.SpringApplication.refresh(SpringApplication.java:732) ~[spring-boot-3.0.6.jar:3.0.6]
	at org.springframework.boot.SpringApplication.refreshContext(SpringApplication.java:434) ~[spring-boot-3.0.6.jar:3.0.6]
	at org.springframework.boot.SpringApplication.run(SpringApplication.java:310) ~[spring-boot-3.0.6.jar:3.0.6]
	at org.springframework.boot.SpringApplication.run(SpringApplication.java:1304) ~[spring-boot-3.0.6.jar:3.0.6]
	at org.springframework.boot.SpringApplication.run(SpringApplication.java:1293) ~[spring-boot-3.0.6.jar:3.0.6]
	at ru.irenademchenkova.moneytransferservice.MoneyTransferServiceApplication.main(MoneyTransferServiceApplication.java:10) ~[classes/:na]
	at java.base/jdk.internal.reflect.DirectMethodHandleAccessor.invoke(DirectMethodHandleAccessor.java:104) ~[na:na]
	at java.base/java.lang.reflect.Method.invoke(Method.java:577) ~[na:na]
	at org.springframework.boot.devtools.restart.RestartLauncher.run(RestartLauncher.java:49) ~[spring-boot-devtools-3.0.6.jar:3.0.6]
Caused by: org.springframework.beans.factory.BeanCreationException: Error creating bean with name 'moneyTransferService': Resolution of declared constructors on bean Class [ru.irenademchenkova.moneytransferservice.service.MoneyTransferService] from ClassLoader [org.springframework.boot.devtools.restart.classloader.RestartClassLoader@426daada] failed
	at org.springframework.beans.factory.annotation.AutowiredAnnotationBeanPostProcessor.determineCandidateConstructors(AutowiredAnnotationBeanPostProcessor.java:357) ~[spring-beans-6.0.8.jar:6.0.8]
	at org.springframework.beans.factory.support.AbstractAutowireCapableBeanFactory.determineConstructorsFromBeanPostProcessors(AbstractAutowireCapableBeanFactory.java:1291) ~[spring-beans-6.0.8.jar:6.0.8]
	at org.springframework.beans.factory.support.AbstractAutowireCapableBeanFactory.createBeanInstance(AbstractAutowireCapableBeanFactory.java:1186) ~[spring-beans-6.0.8.jar:6.0.8]
	at org.springframework.beans.factory.support.AbstractAutowireCapableBeanFactory.doCreateBean(AbstractAutowireCapableBeanFactory.java:560) ~[spring-beans-6.0.8.jar:6.0.8]
	at org.springframework.beans.factory.support.AbstractAutowireCapableBeanFactory.createBean(AbstractAutowireCapableBeanFactory.java:520) ~[spring-beans-6.0.8.jar:6.0.8]
	at org.springframework.beans.factory.support.AbstractBeanFactory.lambda$doGetBean$0(AbstractBeanFactory.java:326) ~[spring-beans-6.0.8.jar:6.0.8]
	at org.springframework.beans.factory.support.DefaultSingletonBeanRegistry.getSingleton(DefaultSingletonBeanRegistry.java:234) ~[spring-beans-6.0.8.jar:6.0.8]
	at org.springframework.beans.factory.support.AbstractBeanFactory.doGetBean(AbstractBeanFactory.java:324) ~[spring-beans-6.0.8.jar:6.0.8]
	at org.springframework.beans.factory.support.AbstractBeanFactory.getBean(AbstractBeanFactory.java:200) ~[spring-beans-6.0.8.jar:6.0.8]
	at org.springframework.beans.factory.config.DependencyDescriptor.resolveCandidate(DependencyDescriptor.java:254) ~[spring-beans-6.0.8.jar:6.0.8]
	at org.springframework.beans.factory.support.DefaultListableBeanFactory.doResolveDependency(DefaultListableBeanFactory.java:1417) ~[spring-beans-6.0.8.jar:6.0.8]
	at org.springframework.beans.factory.support.DefaultListableBeanFactory.resolveDependency(DefaultListableBeanFactory.java:1337) ~[spring-beans-6.0.8.jar:6.0.8]
	at org.springframework.beans.factory.support.ConstructorResolver.resolveAutowiredArgument(ConstructorResolver.java:887) ~[spring-beans-6.0.8.jar:6.0.8]
	at org.springframework.beans.factory.support.ConstructorResolver.createArgumentArray(ConstructorResolver.java:791) ~[spring-beans-6.0.8.jar:6.0.8]
	... 22 common frames omitted
Caused by: java.lang.NoClassDefFoundError: ru/irenademchenkova/moneytransferservice/repository/OperationRepository
	at java.base/java.lang.Class.getDeclaredConstructors0(Native Method) ~[na:na]
	at java.base/java.lang.Class.privateGetDeclaredConstructors(Class.java:3405) ~[na:na]
	at java.base/java.lang.Class.getDeclaredConstructors(Class.java:2587) ~[na:na]
	at org.springframework.beans.factory.annotation.AutowiredAnnotationBeanPostProcessor.determineCandidateConstructors(AutowiredAnnotationBeanPostProcessor.java:352) ~[spring-beans-6.0.8.jar:6.0.8]
	... 35 common frames omitted
Caused by: java.lang.ClassNotFoundException: ru.irenademchenkova.moneytransferservice.repository.OperationRepository
	at java.base/jdk.internal.loader.BuiltinClassLoader.loadClass(BuiltinClassLoader.java:641) ~[na:na]
	at java.base/jdk.internal.loader.ClassLoaders$AppClassLoader.loadClass(ClassLoaders.java:188) ~[na:na]
	at java.base/java.lang.ClassLoader.loadClass(ClassLoader.java:521) ~[na:na]
	at java.base/java.lang.Class.forName0(Native Method) ~[na:na]
	at java.base/java.lang.Class.forName(Class.java:488) ~[na:na]
	at java.base/java.lang.Class.forName(Class.java:467) ~[na:na]
	at org.springframework.boot.devtools.restart.classloader.RestartClassLoader.loadClass(RestartClassLoader.java:121) ~[spring-boot-devtools-3.0.6.jar:3.0.6]
	at java.base/java.lang.ClassLoader.loadClass(ClassLoader.java:521) ~[na:na]
	... 39 common frames omitted

2023-05-17T09:26:08.030+03:00  INFO 10140 --- [restartedMain] r.i.m.MoneyTransferServiceApplication    : Starting MoneyTransferServiceApplication using Java 18.0.1.1 with PID 10140 (C:\Java projects\MoneyTransferService\target\classes started by demchenkovaid in C:\Java projects\MoneyTransferService)
2023-05-17T09:26:08.030+03:00  INFO 10140 --- [restartedMain] r.i.m.MoneyTransferServiceApplication    : No active profile set, falling back to 1 default profile: "default"
2023-05-17T09:26:08.349+03:00  INFO 10140 --- [restartedMain] o.s.b.w.embedded.tomcat.TomcatWebServer  : Tomcat initialized with port(s): 5500 (http)
2023-05-17T09:26:08.350+03:00  INFO 10140 --- [restartedMain] o.apache.catalina.core.StandardService   : Starting service [Tomcat]
2023-05-17T09:26:08.350+03:00  INFO 10140 --- [restartedMain] o.apache.catalina.core.StandardEngine    : Starting Servlet engine: [Apache Tomcat/10.1.8]
2023-05-17T09:26:08.387+03:00  INFO 10140 --- [restartedMain] o.a.c.c.C.[Tomcat-2].[localhost].[/]     : Initializing Spring embedded WebApplicationContext
2023-05-17T09:26:08.388+03:00  INFO 10140 --- [restartedMain] w.s.c.ServletWebServerApplicationContext : Root WebApplicationContext: initialization completed in 355 ms
2023-05-17T09:26:08.515+03:00  INFO 10140 --- [restartedMain] o.s.b.d.a.OptionalLiveReloadServer       : LiveReload server is running on port 35729
2023-05-17T09:26:08.529+03:00  INFO 10140 --- [restartedMain] o.s.b.w.embedded.tomcat.TomcatWebServer  : Tomcat started on port(s): 5500 (http) with context path ''
2023-05-17T09:26:08.534+03:00  INFO 10140 --- [restartedMain] r.i.m.MoneyTransferServiceApplication    : Started MoneyTransferServiceApplication in 0.54 seconds (process running for 2312.758)
2023-05-17T09:26:08.538+03:00  INFO 10140 --- [restartedMain] .ConditionEvaluationDeltaLoggingListener : Condition evaluation unchanged
